
  .   ____          _            __ _ _
 /\\ / ___'_ __ _ _(_)_ __  __ _ \ \ \ \
( ( )\___ | '_ | '_| | '_ \/ _` | \ \ \ \
 \\/  ___)| |_)| | | | | || (_| |  ) ) ) )
  '  |____| .__|_| |_|_| |_\__, | / / / /
 =========|_|==============|___/=/_/_/_/

 :: Spring Boot ::                (v4.0.2)

2026-02-04T03:56:30.869Z  INFO 15060 --- [StockPotrfolio] [           main] o.e.s.StockPotrfolioApplication          : Starting StockPotrfolioApplication v0.0.1-SNAPSHOT using Java 22.0.2 with PID 15060 (C:\Users\Administrator\JavaLearning\StockPotrfolio\target\StockPotrfolio-0.0.1-SNAPSHOT.jar started by Administrator in C:\Users\Administrator\JavaLearning\StockPotrfolio)
2026-02-04T03:56:30.888Z  INFO 15060 --- [StockPotrfolio] [           main] o.e.s.StockPotrfolioApplication          : No active profile set, falling back to 1 default profile: "default"
2026-02-04T03:56:33.830Z  INFO 15060 --- [StockPotrfolio] [           main] .s.d.r.c.RepositoryConfigurationDelegate : Bootstrapping Spring Data JPA repositories in DEFAULT mode.
2026-02-04T03:56:33.950Z  INFO 15060 --- [StockPotrfolio] [           main] .s.d.r.c.RepositoryConfigurationDelegate : Finished Spring Data repository scanning in 93 ms. Found 1 JPA repository interface.
2026-02-04T03:56:35.496Z  INFO 15060 --- [StockPotrfolio] [           main] o.s.boot.tomcat.TomcatWebServer          : Tomcat initialized with port 8080 (http)
2026-02-04T03:56:35.527Z  INFO 15060 --- [StockPotrfolio] [           main] o.apache.catalina.core.StandardService   : Starting service [Tomcat]
2026-02-04T03:56:35.530Z  INFO 15060 --- [StockPotrfolio] [           main] o.apache.catalina.core.StandardEngine    : Starting Servlet engine: [Apache Tomcat/11.0.15]
2026-02-04T03:56:35.632Z  INFO 15060 --- [StockPotrfolio] [           main] b.w.c.s.WebApplicationContextInitializer : Root WebApplicationContext: initialization completed in 4560 ms
2026-02-04T03:56:36.008Z  INFO 15060 --- [StockPotrfolio] [           main] org.hibernate.orm.jpa                    : HHH008540: Processing PersistenceUnitInfo [name: default]
2026-02-04T03:56:36.140Z  INFO 15060 --- [StockPotrfolio] [           main] org.hibernate.orm.core                   : HHH000001: Hibernate ORM core version 7.2.1.Final
2026-02-04T03:56:40.912Z  INFO 15060 --- [StockPotrfolio] [           main] o.s.o.j.p.SpringPersistenceUnitInfo      : No LoadTimeWeaver setup: ignoring JPA class transformer
2026-02-04T03:56:40.989Z  INFO 15060 --- [StockPotrfolio] [           main] com.zaxxer.hikari.HikariDataSource       : HikariPool-1 - Starting...
2026-02-04T03:56:41.342Z  INFO 15060 --- [StockPotrfolio] [           main] com.zaxxer.hikari.pool.HikariPool        : HikariPool-1 - Added connection conn0: url=jdbc:h2:mem:testdb user=SA
2026-02-04T03:56:41.348Z  INFO 15060 --- [StockPotrfolio] [           main] com.zaxxer.hikari.HikariDataSource       : HikariPool-1 - Start completed.
2026-02-04T03:56:41.400Z  WARN 15060 --- [StockPotrfolio] [           main] org.hibernate.orm.deprecation            : HHH90000025: H2Dialect does not need to be specified explicitly using 'hibernate.dialect' (remove the property setting and it will be selected by default)
2026-02-04T03:56:41.450Z  INFO 15060 --- [StockPotrfolio] [           main] org.hibernate.orm.connections.pooling    : HHH10001005: Database info:
	Database JDBC URL [jdbc:h2:mem:testdb]
	Database driver: H2 JDBC Driver
	Database dialect: H2Dialect
	Database version: 2.4.240
	Default catalog/schema: TESTDB/PUBLIC
	Autocommit mode: undefined/unknown
	Isolation level: READ_COMMITTED [default READ_COMMITTED]
	JDBC fetch size: 100
	Pool: DataSourceConnectionProvider
	Minimum pool size: undefined/unknown
	Maximum pool size: undefined/unknown
2026-02-04T03:56:42.894Z  INFO 15060 --- [StockPotrfolio] [           main] org.hibernate.orm.core                   : HHH000489: No JTA platform available (set 'hibernate.transaction.jta.platform' to enable JTA platform integration)
2026-02-04T03:56:42.961Z  INFO 15060 --- [StockPotrfolio] [           main] j.LocalContainerEntityManagerFactoryBean : Initialized JPA EntityManagerFactory for persistence unit 'default'
2026-02-04T03:56:43.213Z  INFO 15060 --- [StockPotrfolio] [           main] o.s.d.j.r.query.QueryEnhancerFactories   : Hibernate is in classpath; If applicable, HQL parser will be used.
2026-02-04T03:56:43.771Z  WARN 15060 --- [StockPotrfolio] [           main] JpaBaseConfiguration$JpaWebConfiguration : spring.jpa.open-in-view is enabled by default. Therefore, database queries may be performed during view rendering. Explicitly configure spring.jpa.open-in-view to disable this warning
2026-02-04T03:56:44.834Z  INFO 15060 --- [StockPotrfolio] [           main] o.s.b.h.a.H2ConsoleAutoConfiguration     : H2 console available at '/h2-console'. Database available at 'jdbc:h2:mem:testdb'
2026-02-04T03:56:45.002Z  WARN 15060 --- [StockPotrfolio] [           main] ConfigServletWebServerApplicationContext : Exception encountered during context initialization - cancelling refresh attempt: org.springframework.context.ApplicationContextException: Failed to start bean 'webServerStartStop'
2026-02-04T03:56:45.007Z  INFO 15060 --- [StockPotrfolio] [           main] j.LocalContainerEntityManagerFactoryBean : Closing JPA EntityManagerFactory for persistence unit 'default'
2026-02-04T03:56:45.022Z  INFO 15060 --- [StockPotrfolio] [           main] com.zaxxer.hikari.HikariDataSource       : HikariPool-1 - Shutdown initiated...
2026-02-04T03:56:45.034Z  INFO 15060 --- [StockPotrfolio] [           main] com.zaxxer.hikari.HikariDataSource       : HikariPool-1 - Shutdown completed.
2026-02-04T03:56:45.058Z  INFO 15060 --- [StockPotrfolio] [           main] .s.b.a.l.ConditionEvaluationReportLogger : 

Error starting ApplicationContext. To display the condition evaluation report re-run your application with 'debug' enabled.
2026-02-04T03:56:45.099Z ERROR 15060 --- [StockPotrfolio] [           main] o.s.b.d.LoggingFailureAnalysisReporter   : 

***************************
APPLICATION FAILED TO START
***************************

Description:

Web server failed to start. Port 8080 was already in use.

Action:

Identify and stop the process that's listening on port 8080 or configure this application to listen on another port.

