
  .   ____          _            __ _ _
 /\\ / ___'_ __ _ _(_)_ __  __ _ \ \ \ \
( ( )\___ | '_ | '_| | '_ \/ _` | \ \ \ \
 \\/  ___)| |_)| | | | | || (_| |  ) ) ) )
  '  |____| .__|_| |_|_| |_\__, | / / / /
 =========|_|==============|___/=/_/_/_/

 :: Spring Boot ::                (v4.0.2)

2026-02-03T04:18:01.955Z  INFO 8968 --- [StockPotrfolio] [           main] o.e.s.StockPotrfolioApplication          : Starting StockPotrfolioApplication v0.0.1-SNAPSHOT using Java 22.0.2 with PID 8968 (C:\Users\Administrator\JavaLearning\StockPotrfolio\target\StockPotrfolio-0.0.1-SNAPSHOT.jar started by Administrator in C:\Users\Administrator\JavaLearning\StockPotrfolio)
2026-02-03T04:18:01.965Z  INFO 8968 --- [StockPotrfolio] [           main] o.e.s.StockPotrfolioApplication          : No active profile set, falling back to 1 default profile: "default"
2026-02-03T04:18:03.501Z  INFO 8968 --- [StockPotrfolio] [           main] .s.d.r.c.RepositoryConfigurationDelegate : Bootstrapping Spring Data JPA repositories in DEFAULT mode.
2026-02-03T04:18:03.557Z  INFO 8968 --- [StockPotrfolio] [           main] .s.d.r.c.RepositoryConfigurationDelegate : Finished Spring Data repository scanning in 44 ms. Found 1 JPA repository interface.
2026-02-03T04:18:04.543Z  INFO 8968 --- [StockPotrfolio] [           main] o.s.boot.tomcat.TomcatWebServer          : Tomcat initialized with port 8080 (http)
2026-02-03T04:18:04.564Z  INFO 8968 --- [StockPotrfolio] [           main] o.apache.catalina.core.StandardService   : Starting service [Tomcat]
2026-02-03T04:18:04.566Z  INFO 8968 --- [StockPotrfolio] [           main] o.apache.catalina.core.StandardEngine    : Starting Servlet engine: [Apache Tomcat/11.0.15]
2026-02-03T04:18:04.614Z  INFO 8968 --- [StockPotrfolio] [           main] b.w.c.s.WebApplicationContextInitializer : Root WebApplicationContext: initialization completed in 2557 ms
2026-02-03T04:18:05.135Z  INFO 8968 --- [StockPotrfolio] [           main] org.hibernate.orm.jpa                    : HHH008540: Processing PersistenceUnitInfo [name: default]
2026-02-03T04:18:05.270Z  INFO 8968 --- [StockPotrfolio] [           main] org.hibernate.orm.core                   : HHH000001: Hibernate ORM core version 7.2.1.Final
2026-02-03T04:18:08.882Z  INFO 8968 --- [StockPotrfolio] [           main] o.s.o.j.p.SpringPersistenceUnitInfo      : No LoadTimeWeaver setup: ignoring JPA class transformer
2026-02-03T04:18:08.924Z  INFO 8968 --- [StockPotrfolio] [           main] com.zaxxer.hikari.HikariDataSource       : HikariPool-1 - Starting...
2026-02-03T04:18:09.173Z  INFO 8968 --- [StockPotrfolio] [           main] com.zaxxer.hikari.pool.HikariPool        : HikariPool-1 - Added connection conn0: url=jdbc:h2:mem:testdb user=SA
2026-02-03T04:18:09.178Z  INFO 8968 --- [StockPotrfolio] [           main] com.zaxxer.hikari.HikariDataSource       : HikariPool-1 - Start completed.
2026-02-03T04:18:09.211Z  WARN 8968 --- [StockPotrfolio] [           main] org.hibernate.orm.deprecation            : HHH90000025: H2Dialect does not need to be specified explicitly using 'hibernate.dialect' (remove the property setting and it will be selected by default)
2026-02-03T04:18:09.244Z  INFO 8968 --- [StockPotrfolio] [           main] org.hibernate.orm.connections.pooling    : HHH10001005: Database info:
	Database JDBC URL [jdbc:h2:mem:testdb]
	Database driver: H2 JDBC Driver
	Database dialect: H2Dialect
	Database version: 2.4.240
	Default catalog/schema: TESTDB/PUBLIC
	Autocommit mode: undefined/unknown
	Isolation level: READ_COMMITTED [default READ_COMMITTED]
	JDBC fetch size: 100
	Pool: DataSourceConnectionProvider
	Minimum pool size: undefined/unknown
	Maximum pool size: undefined/unknown
2026-02-03T04:18:10.290Z  INFO 8968 --- [StockPotrfolio] [           main] org.hibernate.orm.core                   : HHH000489: No JTA platform available (set 'hibernate.transaction.jta.platform' to enable JTA platform integration)
2026-02-03T04:18:10.341Z  INFO 8968 --- [StockPotrfolio] [           main] j.LocalContainerEntityManagerFactoryBean : Initialized JPA EntityManagerFactory for persistence unit 'default'
2026-02-03T04:18:10.461Z  INFO 8968 --- [StockPotrfolio] [           main] o.s.d.j.r.query.QueryEnhancerFactories   : Hibernate is in classpath; If applicable, HQL parser will be used.
2026-02-03T04:18:10.770Z  WARN 8968 --- [StockPotrfolio] [           main] JpaBaseConfiguration$JpaWebConfiguration : spring.jpa.open-in-view is enabled by default. Therefore, database queries may be performed during view rendering. Explicitly configure spring.jpa.open-in-view to disable this warning
2026-02-03T04:18:11.390Z  INFO 8968 --- [StockPotrfolio] [           main] o.s.b.h.a.H2ConsoleAutoConfiguration     : H2 console available at '/h2-console'. Database available at 'jdbc:h2:mem:testdb'
2026-02-03T04:18:11.461Z  INFO 8968 --- [StockPotrfolio] [           main] o.s.boot.tomcat.TomcatWebServer          : Tomcat started on port 8080 (http) with context path '/'
2026-02-03T04:18:11.481Z  INFO 8968 --- [StockPotrfolio] [           main] o.e.s.StockPotrfolioApplication          : Started StockPotrfolioApplication in 10.169 seconds (process running for 11.123)
